{"total": {"lines":{"total":160,"covered":119,"skipped":0,"pct":74.37},"statements":{"total":166,"covered":124,"skipped":0,"pct":74.69},"functions":{"total":59,"covered":42,"skipped":0,"pct":71.18},"branches":{"total":70,"covered":39,"skipped":0,"pct":55.71},"branchesTrue":{"total":0,"covered":0,"skipped":0,"pct":100}}
,"/Users/aishawn/code/AIBlog/frontend-react-harness/src/app/App.tsx": {"lines":{"total":1,"covered":0,"skipped":0,"pct":0},"functions":{"total":1,"covered":0,"skipped":0,"pct":0},"statements":{"total":1,"covered":0,"skipped":0,"pct":0},"branches":{"total":0,"covered":0,"skipped":0,"pct":100}}
,"/Users/aishawn/code/AIBlog/frontend-react-harness/src/app/AppLayout.tsx": {"lines":{"total":8,"covered":8,"skipped":0,"pct":100},"functions":{"total":3,"covered":3,"skipped":0,"pct":100},"statements":{"total":8,"covered":8,"skipped":0,"pct":100},"branches":{"total":4,"covered":4,"skipped":0,"pct":100}}
,"/Users/aishawn/code/AIBlog/frontend-react-harness/src/app/RequireAuth.tsx": {"lines":{"total":5,"covered":5,"skipped":0,"pct":100},"functions":{"total":1,"covered":1,"skipped":0,"pct":100},"statements":{"total":5,"covered":5,"skipped":0,"pct":100},"branches":{"total":2,"covered":2,"skipped":0,"pct":100}}
,"/Users/aishawn/code/AIBlog/frontend-react-harness/src/app/router.tsx": {"lines":{"total":2,"covered":0,"skipped":0,"pct":0},"functions":{"total":1,"covered":0,"skipped":0,"pct":0},"statements":{"total":2,"covered":0,"skipped":0,"pct":0},"branches":{"total":0,"covered":0,"skipped":0,"pct":100}}
,"/Users/aishawn/code/AIBlog/frontend-react-harness/src/domains/auth/service/authService.ts": {"lines":{"total":11,"covered":11,"skipped":0,"pct":100},"functions":{"total":2,"covered":2,"skipped":0,"pct":100},"statements":{"total":11,"covered":11,"skipped":0,"pct":100},"branches":{"total":4,"covered":4,"skipped":0,"pct":100}}
,"/Users/aishawn/code/AIBlog/frontend-react-harness/src/domains/auth/service/validateLoginForm.ts": {"lines":{"total":12,"covered":12,"skipped":0,"pct":100},"functions":{"total":1,"covered":1,"skipped":0,"pct":100},"statements":{"total":12,"covered":12,"skipped":0,"pct":100},"branches":{"total":8,"covered":8,"skipped":0,"pct":100}}
,"/Users/aishawn/code/AIBlog/frontend-react-harness/src/domains/auth/types/auth.ts": {"lines":{"total":0,"covered":0,"skipped":0,"pct":0},"functions":{"total":0,"covered":0,"skipped":0,"pct":0},"statements":{"total":0,"covered":0,"skipped":0,"pct":0},"branches":{"total":0,"covered":0,"skipped":0,"pct":0}}
,"/Users/aishawn/code/AIBlog/frontend-react-harness/src/domains/auth/ui/LoginPage.tsx": {"lines":{"total":37,"covered":31,"skipped":0,"pct":83.78},"functions":{"total":10,"covered":10,"skipped":0,"pct":100},"statements":{"total":41,"covered":35,"skipped":0,"pct":85.36},"branches":{"total":21,"covered":12,"skipped":0,"pct":57.14}}
,"/Users/aishawn/code/AIBlog/frontend-react-harness/src/domains/dashboard/service/getDashboardSnapshot.ts": {"lines":{"total":2,"covered":0,"skipped":0,"pct":0},"functions":{"total":1,"covered":0,"skipped":0,"pct":0},"statements":{"total":2,"covered":0,"skipped":0,"pct":0},"branches":{"total":0,"covered":0,"skipped":0,"pct":100}}
,"/Users/aishawn/code/AIBlog/frontend-react-harness/src/domains/dashboard/types/dashboard.ts": {"lines":{"total":0,"covered":0,"skipped":0,"pct":0},"functions":{"total":0,"covered":0,"skipped":0,"pct":0},"statements":{"total":0,"covered":0,"skipped":0,"pct":0},"branches":{"total":0,"covered":0,"skipped":0,"pct":0}}
,"/Users/aishawn/code/AIBlog/frontend-react-harness/src/domains/dashboard/ui/DashboardPage.tsx": {"lines":{"total":17,"covered":0,"skipped":0,"pct":0},"functions":{"total":7,"covered":0,"skipped":0,"pct":0},"statements":{"total":17,"covered":0,"skipped":0,"pct":0},"branches":{"total":18,"covered":0,"skipped":0,"pct":0}}
,"/Users/aishawn/code/AIBlog/frontend-react-harness/src/domains/home/service/getHarnessPlaybook.ts": {"lines":{"total":1,"covered":0,"skipped":0,"pct":0},"functions":{"total":1,"covered":0,"skipped":0,"pct":0},"statements":{"total":1,"covered":0,"skipped":0,"pct":0},"branches":{"total":0,"covered":0,"skipped":0,"pct":100}}
,"/Users/aishawn/code/AIBlog/frontend-react-harness/src/domains/home/types/harness.ts": {"lines":{"total":0,"covered":0,"skipped":0,"pct":0},"functions":{"total":0,"covered":0,"skipped":0,"pct":0},"statements":{"total":0,"covered":0,"skipped":0,"pct":0},"branches":{"total":0,"covered":0,"skipped":0,"pct":0}}
,"/Users/aishawn/code/AIBlog/frontend-react-harness/src/domains/home/ui/HarnessPlaybook.tsx": {"lines":{"total":4,"covered":0,"skipped":0,"pct":0},"functions":{"total":3,"covered":0,"skipped":0,"pct":0},"statements":{"total":4,"covered":0,"skipped":0,"pct":0},"branches":{"total":0,"covered":0,"skipped":0,"pct":100}}
,"/Users/aishawn/code/AIBlog/frontend-react-harness/src/shared/components/SectionCard.tsx": {"lines":{"total":2,"covered":0,"skipped":0,"pct":0},"functions":{"total":2,"covered":0,"skipped":0,"pct":0},"statements":{"total":2,"covered":0,"skipped":0,"pct":0},"branches":{"total":0,"covered":0,"skipped":0,"pct":100}}
,"/Users/aishawn/code/AIBlog/frontend-react-harness/src/shared/components/ToastViewport.tsx": {"lines":{"total":6,"covered":6,"skipped":0,"pct":100},"functions":{"total":3,"covered":3,"skipped":0,"pct":100},"statements":{"total":6,"covered":6,"skipped":0,"pct":100},"branches":{"total":2,"covered":2,"skipped":0,"pct":100}}
,"/Users/aishawn/code/AIBlog/frontend-react-harness/src/shared/lib/http.ts": {"lines":{"total":3,"covered":3,"skipped":0,"pct":100},"functions":{"total":3,"covered":3,"skipped":0,"pct":100},"statements":{"total":3,"covered":3,"skipped":0,"pct":100},"branches":{"total":1,"covered":1,"skipped":0,"pct":100}}
,"/Users/aishawn/code/AIBlog/frontend-react-harness/src/shared/lib/session.ts": {"lines":{"total":25,"covered":20,"skipped":0,"pct":80},"functions":{"total":9,"covered":8,"skipped":0,"pct":88.88},"statements":{"total":26,"covered":20,"skipped":0,"pct":76.92},"branches":{"total":4,"covered":2,"skipped":0,"pct":50}}
,"/Users/aishawn/code/AIBlog/frontend-react-harness/src/shared/lib/uiStore.ts": {"lines":{"total":24,"covered":23,"skipped":0,"pct":95.83},"functions":{"total":11,"covered":11,"skipped":0,"pct":100},"statements":{"total":25,"covered":24,"skipped":0,"pct":96},"branches":{"total":6,"covered":4,"skipped":0,"pct":66.66}}
,"/Users/aishawn/code/AIBlog/frontend-react-harness/src/shared/types/session.ts": {"lines":{"total":0,"covered":0,"skipped":0,"pct":0},"functions":{"total":0,"covered":0,"skipped":0,"pct":0},"statements":{"total":0,"covered":0,"skipped":0,"pct":0},"branches":{"total":0,"covered":0,"skipped":0,"pct":0}}
,"/Users/aishawn/code/AIBlog/frontend-react-harness/src/shared/types/ui.ts": {"lines":{"total":0,"covered":0,"skipped":0,"pct":0},"functions":{"total":0,"covered":0,"skipped":0,"pct":0},"statements":{"total":0,"covered":0,"skipped":0,"pct":0},"branches":{"total":0,"covered":0,"skipped":0,"pct":0}}
}
